C:\USERS\12515\DOCUMENTS\VISUAL STUDIO 2010\PROJECTS\CHARACTERFORMFC\CHARACTERFORMFC\DEBUG\CHARACTERFORMFC.EXE.EMBED.MANIFEST
C:\USERS\12515\DOCUMENTS\VISUAL STUDIO 2010\PROJECTS\CHARACTERFORMFC\CHARACTERFORMFC\DEBUG\CHARACTERFORMFC.EXE.EMBED.MANIFEST.RES
C:\USERS\12515\DOCUMENTS\VISUAL STUDIO 2010\PROJECTS\CHARACTERFORMFC\CHARACTERFORMFC\DEBUG\CHARACTERFORMFC.EXE.INTERMEDIATE.MANIFEST
C:\Users\12515\documents\visual studio 2010\Projects\CharacterForMFC\CharacterForMFC\Debug\CharacterForMFC.vcxprojResolveAssemblyReference.cache
C:\Users\12515\documents\visual studio 2010\Projects\CharacterForMFC\CharacterForMFC\Debug\CharacterForMFC.write.1.tlog
C:\Users\12515\documents\visual studio 2010\Projects\CharacterForMFC\CharacterForMFC\Debug\CharacterForMFC_manifest.rc
C:\Users\12515\documents\visual studio 2010\Projects\CharacterForMFC\CharacterForMFC\Debug\cl.command.1.tlog
C:\Users\12515\documents\visual studio 2010\Projects\CharacterForMFC\CharacterForMFC\Debug\CL.read.1.tlog
C:\Users\12515\documents\visual studio 2010\Projects\CharacterForMFC\CharacterForMFC\Debug\CL.write.1.tlog
C:\Users\12515\documents\visual studio 2010\Projects\CharacterForMFC\CharacterForMFC\Debug\link.10100.read.1.tlog
C:\Users\12515\documents\visual studio 2010\Projects\CharacterForMFC\CharacterForMFC\Debug\link.10100.write.1.tlog
C:\Users\12515\documents\visual studio 2010\Projects\CharacterForMFC\CharacterForMFC\Debug\link.10100-cvtres.read.1.tlog
C:\Users\12515\documents\visual studio 2010\Projects\CharacterForMFC\CharacterForMFC\Debug\link.10100-cvtres.write.1.tlog
C:\Users\12515\documents\visual studio 2010\Projects\CharacterForMFC\CharacterForMFC\Debug\link.10172.read.1.tlog
C:\Users\12515\documents\visual studio 2010\Projects\CharacterForMFC\CharacterForMFC\Debug\link.10172.write.1.tlog
C:\Users\12515\documents\visual studio 2010\Projects\CharacterForMFC\CharacterForMFC\Debug\link.10172-cvtres.read.1.tlog
C:\Users\12515\documents\visual studio 2010\Projects\CharacterForMFC\CharacterForMFC\Debug\link.10172-cvtres.write.1.tlog
C:\Users\12515\documents\visual studio 2010\Projects\CharacterForMFC\CharacterForMFC\Debug\link.2184.read.1.tlog
C:\Users\12515\documents\visual studio 2010\Projects\CharacterForMFC\CharacterForMFC\Debug\link.2184.write.1.tlog
C:\Users\12515\documents\visual studio 2010\Projects\CharacterForMFC\CharacterForMFC\Debug\link.2184-cvtres.read.1.tlog
C:\Users\12515\documents\visual studio 2010\Projects\CharacterForMFC\CharacterForMFC\Debug\link.2184-cvtres.write.1.tlog
C:\Users\12515\documents\visual studio 2010\Projects\CharacterForMFC\CharacterForMFC\Debug\link.3980.read.1.tlog
C:\Users\12515\documents\visual studio 2010\Projects\CharacterForMFC\CharacterForMFC\Debug\link.3980.write.1.tlog
C:\Users\12515\documents\visual studio 2010\Projects\CharacterForMFC\CharacterForMFC\Debug\link.3980-cvtres.read.1.tlog
C:\Users\12515\documents\visual studio 2010\Projects\CharacterForMFC\CharacterForMFC\Debug\link.3980-cvtres.write.1.tlog
C:\Users\12515\documents\visual studio 2010\Projects\CharacterForMFC\CharacterForMFC\Debug\link.5104.read.1.tlog
C:\Users\12515\documents\visual studio 2010\Projects\CharacterForMFC\CharacterForMFC\Debug\link.5104.write.1.tlog
C:\Users\12515\documents\visual studio 2010\Projects\CharacterForMFC\CharacterForMFC\Debug\link.5104-cvtres.read.1.tlog
C:\Users\12515\documents\visual studio 2010\Projects\CharacterForMFC\CharacterForMFC\Debug\link.5104-cvtres.write.1.tlog
C:\Users\12515\documents\visual studio 2010\Projects\CharacterForMFC\CharacterForMFC\Debug\link.5224.read.1.tlog
C:\Users\12515\documents\visual studio 2010\Projects\CharacterForMFC\CharacterForMFC\Debug\link.5224.write.1.tlog
C:\Users\12515\documents\visual studio 2010\Projects\CharacterForMFC\CharacterForMFC\Debug\link.5224-cvtres.read.1.tlog
C:\Users\12515\documents\visual studio 2010\Projects\CharacterForMFC\CharacterForMFC\Debug\link.5224-cvtres.write.1.tlog
C:\Users\12515\documents\visual studio 2010\Projects\CharacterForMFC\CharacterForMFC\Debug\link.6892.read.1.tlog
C:\Users\12515\documents\visual studio 2010\Projects\CharacterForMFC\CharacterForMFC\Debug\link.6892.write.1.tlog
C:\Users\12515\documents\visual studio 2010\Projects\CharacterForMFC\CharacterForMFC\Debug\link.6892-cvtres.read.1.tlog
C:\Users\12515\documents\visual studio 2010\Projects\CharacterForMFC\CharacterForMFC\Debug\link.6892-cvtres.write.1.tlog
C:\Users\12515\documents\visual studio 2010\Projects\CharacterForMFC\CharacterForMFC\Debug\link.7296.read.1.tlog
C:\Users\12515\documents\visual studio 2010\Projects\CharacterForMFC\CharacterForMFC\Debug\link.7296.write.1.tlog
C:\Users\12515\documents\visual studio 2010\Projects\CharacterForMFC\CharacterForMFC\Debug\link.7296-cvtres.read.1.tlog
C:\Users\12515\documents\visual studio 2010\Projects\CharacterForMFC\CharacterForMFC\Debug\link.7296-cvtres.write.1.tlog
C:\Users\12515\documents\visual studio 2010\Projects\CharacterForMFC\CharacterForMFC\Debug\link.7632.read.1.tlog
C:\Users\12515\documents\visual studio 2010\Projects\CharacterForMFC\CharacterForMFC\Debug\link.7632.write.1.tlog
C:\Users\12515\documents\visual studio 2010\Projects\CharacterForMFC\CharacterForMFC\Debug\link.7632-cvtres.read.1.tlog
C:\Users\12515\documents\visual studio 2010\Projects\CharacterForMFC\CharacterForMFC\Debug\link.7632-cvtres.write.1.tlog
C:\Users\12515\documents\visual studio 2010\Projects\CharacterForMFC\CharacterForMFC\Debug\link.9104.read.1.tlog
C:\Users\12515\documents\visual studio 2010\Projects\CharacterForMFC\CharacterForMFC\Debug\link.9104.write.1.tlog
C:\Users\12515\documents\visual studio 2010\Projects\CharacterForMFC\CharacterForMFC\Debug\link.9104-cvtres.read.1.tlog
C:\Users\12515\documents\visual studio 2010\Projects\CharacterForMFC\CharacterForMFC\Debug\link.9104-cvtres.write.1.tlog
C:\Users\12515\documents\visual studio 2010\Projects\CharacterForMFC\CharacterForMFC\Debug\link.command.1.tlog
C:\Users\12515\documents\visual studio 2010\Projects\CharacterForMFC\CharacterForMFC\Debug\link.read.1.tlog
C:\Users\12515\documents\visual studio 2010\Projects\CharacterForMFC\CharacterForMFC\Debug\link.write.1.tlog
C:\Users\12515\documents\visual studio 2010\Projects\CharacterForMFC\CharacterForMFC\Debug\link-cvtres.read.1.tlog
C:\Users\12515\documents\visual studio 2010\Projects\CharacterForMFC\CharacterForMFC\Debug\link-cvtres.write.1.tlog
C:\USERS\12515\DOCUMENTS\VISUAL STUDIO 2010\PROJECTS\CHARACTERFORMFC\CHARACTERFORMFC\DEBUG\MFC.OBJ
C:\Users\12515\documents\visual studio 2010\Projects\CharacterForMFC\CharacterForMFC\Debug\mt.command.1.tlog
C:\Users\12515\documents\visual studio 2010\Projects\CharacterForMFC\CharacterForMFC\Debug\mt.read.1.tlog
C:\Users\12515\documents\visual studio 2010\Projects\CharacterForMFC\CharacterForMFC\Debug\mt.write.1.tlog
C:\Users\12515\documents\visual studio 2010\Projects\CharacterForMFC\CharacterForMFC\Debug\rc.command.1.tlog
C:\Users\12515\documents\visual studio 2010\Projects\CharacterForMFC\CharacterForMFC\Debug\rc.read.1.tlog
C:\Users\12515\documents\visual studio 2010\Projects\CharacterForMFC\CharacterForMFC\Debug\rc.write.1.tlog
C:\Users\12515\documents\visual studio 2010\Projects\CharacterForMFC\CharacterForMFC\Debug\vc100.idb
C:\USERS\12515\DOCUMENTS\VISUAL STUDIO 2010\PROJECTS\CHARACTERFORMFC\CHARACTERFORMFC\DEBUG\VC100.PDB
C:\USERS\12515\DOCUMENTS\VISUAL STUDIO 2010\PROJECTS\CHARACTERFORMFC\DEBUG\CHARACTERFORMFC.EXE
C:\USERS\12515\DOCUMENTS\VISUAL STUDIO 2010\PROJECTS\CHARACTERFORMFC\DEBUG\CHARACTERFORMFC.ILK
C:\USERS\12515\DOCUMENTS\VISUAL STUDIO 2010\PROJECTS\CHARACTERFORMFC\DEBUG\CHARACTERFORMFC.PDB
