生成启动时间为 2018/2/28 20:53:47。
     1>项目“C:\Users\12515\documents\visual studio 2010\Projects\CharacterForMFC\CharacterForMFC\CharacterForMFC.vcxproj”在节点 2 上(build 个目标)。
     1>InitializeBuildStatus:
         正在创建“Debug\CharacterForMFC.unsuccessfulbuild”，因为已指定“AlwaysCreate”。
       ClCompile:
         C:\Program Files (x86)\Microsoft Visual Studio 10.0\VC\bin\CL.exe /c /ZI /nologo /W3 /WX- /Od /Oy- /D WIN32 /D _DEBUG /D _WINDOWS /D _UNICODE /D UNICODE /D _AFXDLL /Gm /EHsc /RTC1 /MDd /GS /fp:precise /Zc:wchar_t /Zc:forScope /Fo"Debug\\" /Fd"Debug\vc100.pdb" /Gd /TP /analyze- /errorReport:prompt mfc.cpp
         mfc.cpp
         _WIN32_WINNT not defined. Defaulting to _WIN32_WINNT_MAXVER (see WinSDKVer.h)
     1>c:\users\12515\documents\visual studio 2010\projects\characterformfc\characterformfc\mfc.cpp(53): warning C4996: 'wcstombs': This function or variable may be unsafe. Consider using wcstombs_s instead. To disable deprecation, use _CRT_SECURE_NO_WARNINGS. See online help for details.
                 c:\program files (x86)\microsoft visual studio 10.0\vc\include\stdlib.h(533) : 参见“wcstombs”的声明
     1>c:\users\12515\documents\visual studio 2010\projects\characterformfc\characterformfc\mfc.cpp(65): warning C4996: 'strcpy': This function or variable may be unsafe. Consider using strcpy_s instead. To disable deprecation, use _CRT_SECURE_NO_WARNINGS. See online help for details.
                 c:\program files (x86)\microsoft visual studio 10.0\vc\include\string.h(105) : 参见“strcpy”的声明
     1>c:\users\12515\documents\visual studio 2010\projects\characterformfc\characterformfc\mfc.cpp(86): warning C4996: 'wcstombs': This function or variable may be unsafe. Consider using wcstombs_s instead. To disable deprecation, use _CRT_SECURE_NO_WARNINGS. See online help for details.
                 c:\program files (x86)\microsoft visual studio 10.0\vc\include\stdlib.h(533) : 参见“wcstombs”的声明
       ManifestResourceCompile:
         所有输出均为最新。
       Link:
         C:\Program Files (x86)\Microsoft Visual Studio 10.0\VC\bin\link.exe /ERRORREPORT:PROMPT /OUT:"C:\Users\12515\documents\visual studio 2010\Projects\CharacterForMFC\Debug\CharacterForMFC.exe" /INCREMENTAL /NOLOGO /MANIFEST /ManifestFile:"Debug\CharacterForMFC.exe.intermediate.manifest" /MANIFESTUAC:"level='asInvoker' uiAccess='false'" /DEBUG /PDB:"C:\Users\12515\documents\visual studio 2010\Projects\CharacterForMFC\Debug\CharacterForMFC.pdb" /SUBSYSTEM:WINDOWS /TLBID:1 /ENTRY:"wWinMainCRTStartup" /DYNAMICBASE /NXCOMPAT /IMPLIB:"C:\Users\12515\documents\visual studio 2010\Projects\CharacterForMFC\Debug\CharacterForMFC.lib" /MACHINE:X86 Debug\CharacterForMFC.exe.embed.manifest.res
         Debug\mfc.obj
       Manifest:
         C:\Program Files (x86)\Microsoft SDKs\Windows\v7.0A\bin\mt.exe /nologo /verbose /out:"Debug\CharacterForMFC.exe.embed.manifest" /manifest Debug\CharacterForMFC.exe.intermediate.manifest "C:\Program Files (x86)\Microsoft Visual Studio 10.0\VC\Include\Manifest\dpiaware.manifest"
         所有输出均为最新。
       LinkEmbedManifest:
         所有输出均为最新。
         CharacterForMFC.vcxproj -> C:\Users\12515\documents\visual studio 2010\Projects\CharacterForMFC\Debug\CharacterForMFC.exe
       FinalizeBuildStatus:
         正在删除文件“Debug\CharacterForMFC.unsuccessfulbuild”。
         正在对“Debug\CharacterForMFC.lastbuildstate”执行 Touch 任务。
     1>已完成生成项目“C:\Users\12515\documents\visual studio 2010\Projects\CharacterForMFC\CharacterForMFC\CharacterForMFC.vcxproj”(build 个目标)的操作。

生成成功。

已用时间 00:00:05.76
