生成启动时间为 2018/3/1 22:01:38。
     1>项目“c:\Users\12515\documents\visual studio 2010\Projects\MFCHelloworld\MFCHelloworld\MFCHelloworld.vcxproj”在节点 2 上(build 个目标)。
     1>InitializeBuildStatus:
         正在创建“Debug\MFCHelloworld.unsuccessfulbuild”，因为已指定“AlwaysCreate”。
       ClCompile:
         所有输出均为最新。
         C:\Program Files (x86)\Microsoft Visual Studio 10.0\VC\bin\CL.exe /c /ZI /nologo /W3 /WX- /Od /Oy- /D WIN32 /D _WINDOWS /D _DEBUG /D _UNICODE /D UNICODE /D _AFXDLL /Gm /EHsc /RTC1 /MDd /GS /fp:precise /Zc:wchar_t /Zc:forScope /Yu"StdAfx.h" /Fp"Debug\MFCHelloworld.pch" /Fo"Debug\\" /Fd"Debug\vc100.pdb" /Gd /TP /analyze- /errorReport:prompt MFCHelloworldView.cpp
         MFCHelloworldView.cpp
       ResourceCompile:
         所有输出均为最新。
       ManifestResourceCompile:
         所有输出均为最新。
       Link:
         C:\Program Files (x86)\Microsoft Visual Studio 10.0\VC\bin\link.exe /ERRORREPORT:PROMPT /OUT:"c:\users\12515\documents\visual studio 2010\Projects\MFCHelloworld\Debug\MFCHelloworld.exe" /INCREMENTAL /NOLOGO /MANIFEST /ManifestFile:"Debug\MFCHelloworld.exe.intermediate.manifest" /MANIFESTUAC:"level='asInvoker' uiAccess='false'" /DEBUG /PDB:"c:\users\12515\documents\visual studio 2010\Projects\MFCHelloworld\Debug\MFCHelloworld.pdb" /SUBSYSTEM:WINDOWS /TLBID:1 /ENTRY:"wWinMainCRTStartup" /DYNAMICBASE /NXCOMPAT /IMPLIB:"c:\users\12515\documents\visual studio 2010\Projects\MFCHelloworld\Debug\MFCHelloworld.lib" /MACHINE:X86 Debug\MFCHelloworld.res
         Debug\MFCHelloworld.exe.embed.manifest.res
         Debug\MainFrm.obj
         Debug\MFCHelloworld.obj
         Debug\MFCHelloworldDoc.obj
         Debug\MFCHelloworldView.obj
         Debug\stdafx.obj
       Manifest:
         C:\Program Files (x86)\Microsoft SDKs\Windows\v7.0A\bin\mt.exe /nologo /verbose /out:"Debug\MFCHelloworld.exe.embed.manifest" /manifest Debug\MFCHelloworld.exe.intermediate.manifest "C:\Program Files (x86)\Microsoft Visual Studio 10.0\VC\Include\Manifest\dpiaware.manifest"
         所有输出均为最新。
       LinkEmbedManifest:
         所有输出均为最新。
         MFCHelloworld.vcxproj -> c:\users\12515\documents\visual studio 2010\Projects\MFCHelloworld\Debug\MFCHelloworld.exe
       FinalizeBuildStatus:
         正在删除文件“Debug\MFCHelloworld.unsuccessfulbuild”。
         正在对“Debug\MFCHelloworld.lastbuildstate”执行 Touch 任务。
     1>已完成生成项目“c:\Users\12515\documents\visual studio 2010\Projects\MFCHelloworld\MFCHelloworld\MFCHelloworld.vcxproj”(build 个目标)的操作。

生成成功。

已用时间 00:00:01.19
